build/outputs/logs/manifest-merger-debug-report.txt
-- Merging decision tree log ---
manifest
ADDED from src\main\AndroidManifest.xml:2:1-111:12
	package
		ADDED from src\main\AndroidManifest.xml:3:5-55
		INJECTED from src\main\AndroidManifest.xml
		INJECTED from src\main\AndroidManifest.xml
	android:versionName
		ADDED from src\main\AndroidManifest.xml:7:5-30
		INJECTED from src\main\AndroidManifest.xml
		INJECTED from src\main\AndroidManifest.xml
	android:versionCode
		ADDED from src\main\AndroidManifest.xml:6:5-28
		INJECTED from src\main\AndroidManifest.xml
		INJECTED from src\main\AndroidManifest.xml
	xmlns:android
		ADDED from src\main\AndroidManifest.xml:2:11-69
	android:installLocation
		ADDED from src\main\AndroidManifest.xml:4:5-45
	android:theme
		ADDED from src\main\AndroidManifest.xml:5:5-52
uses-sdk
ADDED from src\main\AndroidManifest.xml:9:5-11:41
MERGED from [com.android.support.constraint:constraint-layout:1.0.2] AndroidManifest.xml:5:5-7:41
MERGED from [com.github.chrisbanes:PhotoView:1.3.1] AndroidManifest.xml:8:5-10:41
MERGED from [com.android.support:support-core-utils:25.0.0] AndroidManifest.xml:21:5-23:61
MERGED from [com.android.support:support-compat:25.0.0] AndroidManifest.xml:21:5-23:58
	tools:overrideLibrary
		ADDED from [com.android.support:support-core-utils:25.0.0] AndroidManifest.xml:23:9-58
	android:targetSdkVersion
		ADDED from src\main\AndroidManifest.xml:11:9-38
		INJECTED from src\main\AndroidManifest.xml
		INJECTED from src\main\AndroidManifest.xml
	android:minSdkVersion
		ADDED from src\main\AndroidManifest.xml:10:9-35
uses-feature#android.hardware.camera
ADDED from src\main\AndroidManifest.xml:13:5-60
	android:name
		ADDED from src\main\AndroidManifest.xml:13:19-57
supports-screens
ADDED from src\main\AndroidManifest.xml:15:5-20:40
	android:largeScreens
		ADDED from src\main\AndroidManifest.xml:17:9-36
	android:smallScreens
		ADDED from src\main\AndroidManifest.xml:19:9-36
	android:normalScreens
		ADDED from src\main\AndroidManifest.xml:18:9-37
	android:xlargeScreens
		ADDED from src\main\AndroidManifest.xml:20:9-37
	android:anyDensity
		ADDED from src\main\AndroidManifest.xml:16:9-34
uses-permission#android.permission.INTERNET
ADDED from src\main\AndroidManifest.xml:22:5-67
	android:name
		ADDED from src\main\AndroidManifest.xml:22:22-64
uses-permission#android.permission.CAMERA
ADDED from src\main\AndroidManifest.xml:23:5-65
	android:name
		ADDED from src\main\AndroidManifest.xml:23:22-62
uses-permission#android.permission.ACCESS_NETWORK_STATE
ADDED from src\main\AndroidManifest.xml:24:5-79
	android:name
		ADDED from src\main\AndroidManifest.xml:24:22-76
uses-permission#android.permission.WRITE_EXTERNAL_STORAGE
ADDED from src\main\AndroidManifest.xml:25:5-81
	android:name
		ADDED from src\main\AndroidManifest.xml:25:22-78
uses-feature#0x00020000
ADDED from src\main\AndroidManifest.xml:27:5-54
	android:glEsVersion
		ADDED from src\main\AndroidManifest.xml:27:19-51
uses-feature#android.hardware.camera.autofocus
ADDED from src\main\AndroidManifest.xml:28:5-30:36
	android:required
		ADDED from src\main\AndroidManifest.xml:30:9-33
	android:name
		ADDED from src\main\AndroidManifest.xml:29:9-57
uses-feature#android.hardware.camera.front
ADDED from src\main\AndroidManifest.xml:31:5-33:36
	android:required
		ADDED from src\main\AndroidManifest.xml:33:9-33
	android:name
		ADDED from src\main\AndroidManifest.xml:32:9-53
uses-feature#android.hardware.touchscreen
ADDED from src\main\AndroidManifest.xml:34:5-36:36
	android:required
		ADDED from src\main\AndroidManifest.xml:36:9-33
	android:name
		ADDED from src\main\AndroidManifest.xml:35:9-52
uses-feature#android.hardware.touchscreen.multitouch
ADDED from src\main\AndroidManifest.xml:37:5-39:36
	android:required
		ADDED from src\main\AndroidManifest.xml:39:9-33
	android:name
		ADDED from src\main\AndroidManifest.xml:38:9-63
uses-feature#android.hardware.touchscreen.multitouch.distinct
ADDED from src\main\AndroidManifest.xml:40:5-42:36
	android:required
		ADDED from src\main\AndroidManifest.xml:42:9-33
	android:name
		ADDED from src\main\AndroidManifest.xml:41:9-72
uses-permission#android.permission.READ_PHONE_STATE
ADDED from src\main\AndroidManifest.xml:44:5-75
	android:name
		ADDED from src\main\AndroidManifest.xml:44:22-72
uses-permission#android.permission.READ_EXTERNAL_STORAGE
ADDED from src\main\AndroidManifest.xml:45:5-80
	android:name
		ADDED from src\main\AndroidManifest.xml:45:22-77
application
ADDED from src\main\AndroidManifest.xml:47:5-109:19
MERGED from [com.android.support.constraint:constraint-layout:1.0.2] AndroidManifest.xml:9:5-20
MERGED from [com.android.support:support-core-utils:25.0.0] AndroidManifest.xml:25:5-20
MERGED from [com.android.support:support-compat:25.0.0] AndroidManifest.xml:25:5-20
	android:label
		ADDED from src\main\AndroidManifest.xml:51:9-41
	android:icon
		ADDED from src\main\AndroidManifest.xml:49:9-42
	android:banner
		ADDED from src\main\AndroidManifest.xml:48:9-46
	android:theme
		ADDED from src\main\AndroidManifest.xml:52:9-67
	android:isGame
		ADDED from src\main\AndroidManifest.xml:50:9-30
activity#com.UniversidadDelAtlantico.RetoCapturer.SplashActivity
ADDED from src\main\AndroidManifest.xml:53:9-60:20
	android:label
		ADDED from src\main\AndroidManifest.xml:55:13-58
	android:name
		ADDED from src\main\AndroidManifest.xml:54:13-43
intent-filter#android.intent.action.MAIN+android.intent.category.LAUNCHER
ADDED from src\main\AndroidManifest.xml:56:13-59:29
action#android.intent.action.MAIN
ADDED from src\main\AndroidManifest.xml:57:17-69
	android:name
		ADDED from src\main\AndroidManifest.xml:57:25-66
category#android.intent.category.LAUNCHER
ADDED from src\main\AndroidManifest.xml:58:17-77
	android:name
		ADDED from src\main\AndroidManifest.xml:58:27-74
activity#com.UniversidadDelAtlantico.RetoCapturer.UnityPlayerNativeActivity
ADDED from src\main\AndroidManifest.xml:61:9-73:20
	android:screenOrientation
		ADDED from src\main\AndroidManifest.xml:66:13-49
	android:label
		ADDED from src\main\AndroidManifest.xml:64:13-45
	android:launchMode
		ADDED from src\main\AndroidManifest.xml:65:13-44
	android:configChanges
		ADDED from src\main\AndroidManifest.xml:63:13-186
	android:name
		ADDED from src\main\AndroidManifest.xml:62:13-54
meta-data#unityplayer.UnityActivity
ADDED from src\main\AndroidManifest.xml:67:13-69:40
	android:value
		ADDED from src\main\AndroidManifest.xml:69:17-37
	android:name
		ADDED from src\main\AndroidManifest.xml:68:17-57
meta-data#unityplayer.ForwardNativeEventsToDalvik
ADDED from src\main\AndroidManifest.xml:70:13-72:41
	android:value
		ADDED from src\main\AndroidManifest.xml:72:17-38
	android:name
		ADDED from src\main\AndroidManifest.xml:71:17-71
activity#com.unity3d.player.VideoPlayer
ADDED from src\main\AndroidManifest.xml:74:9-78:52
	android:screenOrientation
		ADDED from src\main\AndroidManifest.xml:78:13-49
	android:label
		ADDED from src\main\AndroidManifest.xml:77:13-45
	android:configChanges
		ADDED from src\main\AndroidManifest.xml:76:13-170
	android:name
		ADDED from src\main\AndroidManifest.xml:75:13-58
uses-library#com.ti.s3d
ADDED from src\main\AndroidManifest.xml:84:9-86:40
	android:required
		ADDED from src\main\AndroidManifest.xml:86:13-37
	android:name
		ADDED from src\main\AndroidManifest.xml:85:13-38
uses-library#com.osterhoutgroup.api.ext
ADDED from src\main\AndroidManifest.xml:88:9-90:40
	android:required
		ADDED from src\main\AndroidManifest.xml:90:13-37
	android:name
		ADDED from src\main\AndroidManifest.xml:89:13-54
meta-data#unity.build-id
ADDED from src\main\AndroidManifest.xml:92:9-94:68
	android:value
		ADDED from src\main\AndroidManifest.xml:94:13-65
	android:name
		ADDED from src\main\AndroidManifest.xml:93:13-42
meta-data#unity.splash-mode
ADDED from src\main\AndroidManifest.xml:95:9-97:33
	android:value
		ADDED from src\main\AndroidManifest.xml:97:13-30
	android:name
		ADDED from src\main\AndroidManifest.xml:96:13-45
meta-data#unity.splash-enable
ADDED from src\main\AndroidManifest.xml:98:9-100:36
	android:value
		ADDED from src\main\AndroidManifest.xml:100:13-33
	android:name
		ADDED from src\main\AndroidManifest.xml:99:13-47
activity#com.UniversidadDelAtlantico.RetoCapturer.LoginActivity
ADDED from src\main\AndroidManifest.xml:102:9-103:45
	android:name
		ADDED from src\main\AndroidManifest.xml:103:13-42
activity#com.UniversidadDelAtlantico.RetoCapturer.InfoActivity
ADDED from src\main\AndroidManifest.xml:104:9-105:44
	android:name
		ADDED from src\main\AndroidManifest.xml:105:13-41
activity#com.UniversidadDelAtlantico.RetoCapturer.ImageActivity
ADDED from src\main\AndroidManifest.xml:106:9-108:20
	android:name
		ADDED from src\main\AndroidManifest.xml:107:13-42